<?xml version="1.0" encoding="UTF-8"?>
<testng-results ignored="0" total="1" passed="1" failed="0" skipped="0">
  <reporter-output>
  </reporter-output>
  <suite started-at="2023-01-13T13:10:14 IST" name="Suite" finished-at="2023-01-13T13:10:25 IST" duration-ms="10354">
    <groups>
    </groups>
    <test started-at="2023-01-13T13:10:14 IST" name="Test" finished-at="2023-01-13T13:10:25 IST" duration-ms="10354">
      <class name="testScript.Translation_Test">
        <test-method is-config="true" signature="launched_URL()[pri:0, instance:testScript.Translation_Test@74d1dc36]" started-at="2023-01-13T13:10:14 IST" name="launched_URL" finished-at="2023-01-13T13:10:20 IST" duration-ms="5858" status="PASS">
          <reporter-output>
          </reporter-output>
        </test-method> <!-- launched_URL -->
        <test-method signature="isTranslation_Complete()[pri:0, instance:testScript.Translation_Test@74d1dc36]" started-at="2023-01-13T13:10:20 IST" name="isTranslation_Complete" finished-at="2023-01-13T13:10:24 IST" duration-ms="3743" status="PASS">
          <reporter-output>
          </reporter-output>
        </test-method> <!-- isTranslation_Complete -->
        <test-method is-config="true" signature="quitBrowser()[pri:0, instance:testScript.Translation_Test@74d1dc36]" started-at="2023-01-13T13:10:24 IST" name="quitBrowser" finished-at="2023-01-13T13:10:25 IST" duration-ms="657" status="PASS">
          <reporter-output>
          </reporter-output>
        </test-method> <!-- quitBrowser -->
      </class> <!-- testScript.Translation_Test -->
    </test> <!-- Test -->
  </suite> <!-- Suite -->
</testng-results>
